Using pre-set license
Built from '2020.3/staging' branch; Version is '2020.3.9f1 (108be757e447) revision 1084391'; Using compiler version '192528614'; Build Type 'Release'
OS: 'Windows 10 Home; OS build 19042.1586; Version 2009; 64bit' Language: 'en' Physical Memory: 16215 MB
BatchMode: 1, IsHumanControllingUs: 0, StartBugReporterOnCrash: 0, Is64bit: 1, IsPro: 0

 COMMAND LINE ARGUMENTS:
C:\Users\alex8\Desktop\UnityProjects\2020.3.9f1\Editor\Unity.exe
-adb2
-batchMode
-noUpm
-name
AssetImportWorker0
-projectPath
C:/Users/alex8/Documents/GitHub/CookingGame
-logFile
Logs/AssetImportWorker0.log
-srvPort
64113
Successfully changed project path to: C:/Users/alex8/Documents/GitHub/CookingGame
C:/Users/alex8/Documents/GitHub/CookingGame
Using Asset Import Pipeline V2.
Refreshing native plugins compatible for Editor in 21.05 ms, found 0 plugins.
Preloading 0 native plugins for Editor in 0.00 ms.
Initialize engine version: 2020.3.9f1 (108be757e447)
[Subsystems] Discovering subsystems at path C:/Users/alex8/Desktop/UnityProjects/2020.3.9f1/Editor/Data/Resources/UnitySubsystems
[Subsystems] Discovering subsystems at path C:/Users/alex8/Documents/GitHub/CookingGame/Assets
GfxDevice: creating device client; threaded=0
Direct3D:
    Version:  Direct3D 11.0 [level 11.1]
    Renderer: NVIDIA GeForce RTX 2060 (ID=0x1f15)
    Vendor:   
    VRAM:     5980 MB
    Driver:   27.21.14.6140
Initialize mono
Mono path[0] = 'C:/Users/alex8/Desktop/UnityProjects/2020.3.9f1/Editor/Data/Managed'
Mono path[1] = 'C:/Users/alex8/Desktop/UnityProjects/2020.3.9f1/Editor/Data/MonoBleedingEdge/lib/mono/unityjit'
Mono config path = 'C:/Users/alex8/Desktop/UnityProjects/2020.3.9f1/Editor/Data/MonoBleedingEdge/etc'
Using monoOptions --debugger-agent=transport=dt_socket,embedding=1,server=y,suspend=n,address=127.0.0.1:56988
Begin MonoManager ReloadAssembly
Registering precompiled unity dll's ...
Register platform support module: C:/Users/alex8/Desktop/UnityProjects/2020.3.9f1/Editor/Data/PlaybackEngines/WindowsStandaloneSupport/UnityEditor.WindowsStandalone.Extensions.dll
Registered in 0.001630 seconds.
Native extension for WindowsStandalone target not found
Refreshing native plugins compatible for Editor in 20.71 ms, found 0 plugins.
Preloading 0 native plugins for Editor in 0.00 ms.
Mono: successfully reloaded assembly
- Completed reload, in  1.415 seconds
Platform modules already initialized, skipping
Registering precompiled user dll's ...
Registered in 0.001242 seconds.
Begin MonoManager ReloadAssembly
Native extension for WindowsStandalone target not found
Refreshing native plugins compatible for Editor in 0.23 ms, found 0 plugins.
Preloading 0 native plugins for Editor in 0.00 ms.
Mono: successfully reloaded assembly
- Completed reload, in  0.702 seconds
Platform modules already initialized, skipping
========================================================================
Worker process is ready to serve import requests
Launched and connected shader compiler UnityShaderCompiler.exe after 0.03 seconds
Refreshing native plugins compatible for Editor in 0.19 ms, found 0 plugins.
Preloading 0 native plugins for Editor in 0.00 ms.
Unloading 1145 Unused Serialized files (Serialized files now loaded: 0)
System memory in use before: 59.9 MB.
System memory in use after: 59.9 MB.

Unloading 12 unused Assets to reduce memory usage. Loaded Objects now: 1591.
Total: 1.306900 ms (FindLiveObjects: 0.111200 ms CreateObjectMapping: 0.032000 ms MarkObjects: 1.102100 ms  DeleteObjects: 0.060800 ms)

========================================================================
Received Import Request.
  path: Assets/Source/Sprites/blue.png
  artifactKey: Guid(a0a2f9f21fd60e246857642efde07ed3) Importer(815301076,1909f56bfc062723c751e8b465ee728b)
Start importing Assets/Source/Sprites/blue.png using Guid(a0a2f9f21fd60e246857642efde07ed3) Importer(815301076,1909f56bfc062723c751e8b465ee728b)  -> (artifact id: '924df4c23acb45fb0423bbe1b38afafe') in 0.054650 seconds
  Import took 0.056170 seconds .

========================================================================
Received Import Request.
  Time since last request: 0.000217 seconds.
  path: Assets/Source/Sprites/red.png
  artifactKey: Guid(1f90ca3f449085d4cb3f001431d400fe) Importer(815301076,1909f56bfc062723c751e8b465ee728b)
Start importing Assets/Source/Sprites/red.png using Guid(1f90ca3f449085d4cb3f001431d400fe) Importer(815301076,1909f56bfc062723c751e8b465ee728b)  -> (artifact id: 'c0ea5b81b5b2b2e81e1603aa06761000') in 0.007665 seconds
  Import took 0.009255 seconds .

========================================================================
Received Import Request.
  Time since last request: 0.000151 seconds.
  path: Assets/Source/Sprites/yellow.png
  artifactKey: Guid(d0af103a28119ef4f871b5670e5fa847) Importer(815301076,1909f56bfc062723c751e8b465ee728b)
Start importing Assets/Source/Sprites/yellow.png using Guid(d0af103a28119ef4f871b5670e5fa847) Importer(815301076,1909f56bfc062723c751e8b465ee728b)  -> (artifact id: '1e252d30fe077998c3313d82fcc2abf0') in 0.005942 seconds
  Import took 0.007433 seconds .

========================================================================
Received Import Request.
  Time since last request: 0.188035 seconds.
  path: Assets/Source/Sprites/green.png
  artifactKey: Guid(ee6c5aabd393ebb48890725d7abb6962) Importer(815301076,1909f56bfc062723c751e8b465ee728b)
Start importing Assets/Source/Sprites/green.png using Guid(ee6c5aabd393ebb48890725d7abb6962) Importer(815301076,1909f56bfc062723c751e8b465ee728b)  -> (artifact id: '4dab260c895f0c1c9fc62e3bd0e50d18') in 0.009114 seconds
  Import took 0.011400 seconds .

========================================================================
Received Import Request.
  Time since last request: 6.799173 seconds.
  path: Assets/Source/Sprites/blue.png
  artifactKey: Guid(a0a2f9f21fd60e246857642efde07ed3) Importer(815301076,1909f56bfc062723c751e8b465ee728b)
Start importing Assets/Source/Sprites/blue.png using Guid(a0a2f9f21fd60e246857642efde07ed3) Importer(815301076,1909f56bfc062723c751e8b465ee728b)  -> (artifact id: '18287c328770e32e82dba5bcd374c159') in 0.046412 seconds
  Import took 0.048485 seconds .

========================================================================
Received Import Request.
  Time since last request: 0.000164 seconds.
  path: Assets/Source/Sprites/green.png
  artifactKey: Guid(ee6c5aabd393ebb48890725d7abb6962) Importer(815301076,1909f56bfc062723c751e8b465ee728b)
Start importing Assets/Source/Sprites/green.png using Guid(ee6c5aabd393ebb48890725d7abb6962) Importer(815301076,1909f56bfc062723c751e8b465ee728b)  -> (artifact id: '4ad06521c8932c22710c932d06c3643f') in 0.017125 seconds
  Import took 0.019286 seconds .

========================================================================
Received Import Request.
  Time since last request: 0.000197 seconds.
  path: Assets/Source/Sprites/red.png
  artifactKey: Guid(1f90ca3f449085d4cb3f001431d400fe) Importer(815301076,1909f56bfc062723c751e8b465ee728b)
Start importing Assets/Source/Sprites/red.png using Guid(1f90ca3f449085d4cb3f001431d400fe) Importer(815301076,1909f56bfc062723c751e8b465ee728b)  -> (artifact id: '83ca43a5a2459615a00233f5ee3fc6b6') in 0.011582 seconds
  Import took 0.013687 seconds .

========================================================================
Received Import Request.
  Time since last request: 0.000212 seconds.
  path: Assets/Source/Sprites/yellow.png
  artifactKey: Guid(d0af103a28119ef4f871b5670e5fa847) Importer(815301076,1909f56bfc062723c751e8b465ee728b)
Start importing Assets/Source/Sprites/yellow.png using Guid(d0af103a28119ef4f871b5670e5fa847) Importer(815301076,1909f56bfc062723c751e8b465ee728b)  -> (artifact id: '3b6c47719555422c0ed6cb76d0eb4e10') in 0.014007 seconds
  Import took 0.017320 seconds .

========================================================================
Received Import Request.
  Time since last request: 6.007818 seconds.
  path: Assets/Source/Scripts/MealData.cs
  artifactKey: Guid(8d6ea7e51f2669e4f98e5dade4a2c291) Importer(815301076,1909f56bfc062723c751e8b465ee728b)
Start importing Assets/Source/Scripts/MealData.cs using Guid(8d6ea7e51f2669e4f98e5dade4a2c291) Importer(815301076,1909f56bfc062723c751e8b465ee728b)  -> (artifact id: '03b7dcfc7739169ae2df2885899668b1') in 0.005590 seconds
  Import took 0.007745 seconds .

========================================================================
Received Import Request.
  Time since last request: 0.000318 seconds.
  path: Assets/Source/Scripts/MealData.cs
  artifactKey: Guid(8d6ea7e51f2669e4f98e5dade4a2c291) Importer(815301076,1909f56bfc062723c751e8b465ee728b)
Start importing Assets/Source/Scripts/MealData.cs using Guid(8d6ea7e51f2669e4f98e5dade4a2c291) Importer(815301076,1909f56bfc062723c751e8b465ee728b)  -> (artifact id: '03b7dcfc7739169ae2df2885899668b1') in 0.001788 seconds
  Import took 0.003723 seconds .

========================================================================
Received Prepare
Registering precompiled user dll's ...
Registered in 0.001126 seconds.
Begin MonoManager ReloadAssembly
Native extension for WindowsStandalone target not found
Refreshing native plugins compatible for Editor in 0.19 ms, found 0 plugins.
Preloading 0 native plugins for Editor in 0.00 ms.
Mono: successfully reloaded assembly
- Completed reload, in  0.674 seconds
Platform modules already initialized, skipping
Refreshing native plugins compatible for Editor in 0.22 ms, found 0 plugins.
Preloading 0 native plugins for Editor in 0.00 ms.
Unloading 1127 Unused Serialized files (Serialized files now loaded: 0)
System memory in use before: 61.6 MB.
System memory in use after: 61.7 MB.

Unloading 7 unused Assets to reduce memory usage. Loaded Objects now: 1601.
Total: 1.405600 ms (FindLiveObjects: 0.129000 ms CreateObjectMapping: 0.034200 ms MarkObjects: 1.197700 ms  DeleteObjects: 0.043600 ms)

========================================================================
Received Import Request.
  Time since last request: 44.773648 seconds.
  path: Assets/Source/Scripts/ScriptableObjects/RedMeal.asset
  artifactKey: Guid(994fdfa5de0075b44bed457cd383ed58) Importer(815301076,1909f56bfc062723c751e8b465ee728b)
Start importing Assets/Source/Scripts/ScriptableObjects/RedMeal.asset using Guid(994fdfa5de0075b44bed457cd383ed58) Importer(815301076,1909f56bfc062723c751e8b465ee728b)  -> (artifact id: 'd85da3eec36c6a542463a8ceae845db8') in 0.010418 seconds
  Import took 0.012109 seconds .

========================================================================
Received Import Request.
  Time since last request: 0.000250 seconds.
  path: Assets/Source/Scripts/MealData.cs
  artifactKey: Guid(8d6ea7e51f2669e4f98e5dade4a2c291) Importer(815301076,1909f56bfc062723c751e8b465ee728b)
Start importing Assets/Source/Scripts/MealData.cs using Guid(8d6ea7e51f2669e4f98e5dade4a2c291) Importer(815301076,1909f56bfc062723c751e8b465ee728b)  -> (artifact id: 'ef7d9d0b310ca5ce0b6c52dcd05dd933') in 0.001948 seconds
  Import took 0.003526 seconds .

========================================================================
Received Import Request.
  Time since last request: 0.000202 seconds.
  path: Assets/Source/Scripts/ScriptableObjects/BlueMeal.asset
  artifactKey: Guid(2760911a658c302408a6e31a9a661e7f) Importer(815301076,1909f56bfc062723c751e8b465ee728b)
Start importing Assets/Source/Scripts/ScriptableObjects/BlueMeal.asset using Guid(2760911a658c302408a6e31a9a661e7f) Importer(815301076,1909f56bfc062723c751e8b465ee728b)  -> (artifact id: '50adf781018149d1eb9ab1bf6f453622') in 0.006698 seconds
  Import took 0.009195 seconds .

========================================================================
Received Import Request.
  Time since last request: 0.000191 seconds.
  path: Assets/Source/Scripts/ScriptableObjects/GreenMeal.asset
  artifactKey: Guid(fec73af98e154b7479f8e77fe1d7f34b) Importer(815301076,1909f56bfc062723c751e8b465ee728b)
Start importing Assets/Source/Scripts/ScriptableObjects/GreenMeal.asset using Guid(fec73af98e154b7479f8e77fe1d7f34b) Importer(815301076,1909f56bfc062723c751e8b465ee728b)  -> (artifact id: '25de42e8cc84aa7552114011f5a65148') in 0.007660 seconds
  Import took 0.010699 seconds .

========================================================================
Received Prepare
Registering precompiled user dll's ...
Registered in 0.001084 seconds.
Begin MonoManager ReloadAssembly
Native extension for WindowsStandalone target not found
Refreshing native plugins compatible for Editor in 0.20 ms, found 0 plugins.
Preloading 0 native plugins for Editor in 0.00 ms.
Mono: successfully reloaded assembly
- Completed reload, in  0.667 seconds
Platform modules already initialized, skipping
Refreshing native plugins compatible for Editor in 0.22 ms, found 0 plugins.
Preloading 0 native plugins for Editor in 0.00 ms.
Unloading 1127 Unused Serialized files (Serialized files now loaded: 0)
System memory in use before: 61.7 MB.
System memory in use after: 61.7 MB.

Unloading 7 unused Assets to reduce memory usage. Loaded Objects now: 1604.
Total: 1.268500 ms (FindLiveObjects: 0.110800 ms CreateObjectMapping: 0.032400 ms MarkObjects: 1.088200 ms  DeleteObjects: 0.036500 ms)

========================================================================
Received Import Request.
  Time since last request: 76.098759 seconds.
  path: Assets/Source/Prefabs/Guest.prefab
  artifactKey: Guid(423464b773a55d94e8be249b7b8c94f5) Importer(815301076,1909f56bfc062723c751e8b465ee728b)
Start importing Assets/Source/Prefabs/Guest.prefab using Guid(423464b773a55d94e8be249b7b8c94f5) Importer(815301076,1909f56bfc062723c751e8b465ee728b)  -> (artifact id: '4ea56d73581bc4073e93ae682f24f71a') in 0.053415 seconds
  Import took 0.055614 seconds .

========================================================================
Received Prepare
Registering precompiled user dll's ...
Registered in 0.001345 seconds.
Begin MonoManager ReloadAssembly
Native extension for WindowsStandalone target not found
Refreshing native plugins compatible for Editor in 0.20 ms, found 0 plugins.
Preloading 0 native plugins for Editor in 0.00 ms.
Mono: successfully reloaded assembly
- Completed reload, in  0.673 seconds
Platform modules already initialized, skipping
Refreshing native plugins compatible for Editor in 0.21 ms, found 0 plugins.
Preloading 0 native plugins for Editor in 0.00 ms.
Unloading 1127 Unused Serialized files (Serialized files now loaded: 0)
System memory in use before: 61.8 MB.
System memory in use after: 61.8 MB.

Unloading 7 unused Assets to reduce memory usage. Loaded Objects now: 1614.
Total: 1.596200 ms (FindLiveObjects: 0.135800 ms CreateObjectMapping: 0.041400 ms MarkObjects: 1.360400 ms  DeleteObjects: 0.057300 ms)

========================================================================
Received Import Request.
  Time since last request: 6.626194 seconds.
  path: Assets/Source/Prefabs/GuestWindow (3).prefab
  artifactKey: Guid(bef0f3c649601ce4abd1c29d9e7a0c8f) Importer(815301076,1909f56bfc062723c751e8b465ee728b)
Start importing Assets/Source/Prefabs/GuestWindow (3).prefab using Guid(bef0f3c649601ce4abd1c29d9e7a0c8f) Importer(815301076,1909f56bfc062723c751e8b465ee728b)  -> (artifact id: '3c87e372b57013644b09f1724e5693b3') in 0.029447 seconds
  Import took 0.031417 seconds .

========================================================================
Received Prepare
Registering precompiled user dll's ...
Registered in 0.002372 seconds.
Begin MonoManager ReloadAssembly
Native extension for WindowsStandalone target not found
Refreshing native plugins compatible for Editor in 0.26 ms, found 0 plugins.
Preloading 0 native plugins for Editor in 0.00 ms.
Mono: successfully reloaded assembly
- Completed reload, in  0.649 seconds
Platform modules already initialized, skipping
Refreshing native plugins compatible for Editor in 0.20 ms, found 0 plugins.
Preloading 0 native plugins for Editor in 0.00 ms.
Unloading 1127 Unused Serialized files (Serialized files now loaded: 0)
System memory in use before: 61.8 MB.
System memory in use after: 61.8 MB.

Unloading 7 unused Assets to reduce memory usage. Loaded Objects now: 1617.
Total: 1.328300 ms (FindLiveObjects: 0.130500 ms CreateObjectMapping: 0.050200 ms MarkObjects: 1.070100 ms  DeleteObjects: 0.076600 ms)

========================================================================
Received Prepare
Registering precompiled user dll's ...
Registered in 0.001226 seconds.
Begin MonoManager ReloadAssembly
Native extension for WindowsStandalone target not found
Refreshing native plugins compatible for Editor in 0.20 ms, found 0 plugins.
Preloading 0 native plugins for Editor in 0.00 ms.
Mono: successfully reloaded assembly
- Completed reload, in  0.650 seconds
Platform modules already initialized, skipping
Refreshing native plugins compatible for Editor in 0.20 ms, found 0 plugins.
Preloading 0 native plugins for Editor in 0.00 ms.
Unloading 1127 Unused Serialized files (Serialized files now loaded: 0)
System memory in use before: 61.8 MB.
System memory in use after: 61.8 MB.

Unloading 7 unused Assets to reduce memory usage. Loaded Objects now: 1620.
Total: 1.350700 ms (FindLiveObjects: 0.149000 ms CreateObjectMapping: 0.040600 ms MarkObjects: 1.120000 ms  DeleteObjects: 0.040300 ms)

AssetImportWorkerClient::OnTransportError - code=2 error=End of file
